INFO: [VRFC 10-2263] Analyzing SystemVerilog file "C:/Users/f2663/Desktop/385final/final/final.srcs/sources_1/imports/lab6/lab6_2_provided/design_source/Color_Mapper.sv" into library xil_defaultlib
INFO: [VRFC 10-311] analyzing module color_mapper
INFO: [VRFC 10-2263] Analyzing SystemVerilog file "C:/Users/f2663/Desktop/385final/final/final.srcs/sources_1/new/Player.sv" into library xil_defaultlib
INFO: [VRFC 10-311] analyzing module Player
INFO: [VRFC 10-2263] Analyzing SystemVerilog file "C:/Users/f2663/Desktop/385final/final/final.srcs/sources_1/new/Player2.sv" into library xil_defaultlib
INFO: [VRFC 10-311] analyzing module Player2
INFO: [VRFC 10-2263] Analyzing SystemVerilog file "C:/Users/f2663/Desktop/385final/final/final.srcs/sources_1/imports/lab6/lab6_2_provided/design_source/VGA_controller.sv" into library xil_defaultlib
INFO: [VRFC 10-311] analyzing module vga_controller
INFO: [VRFC 10-2263] Analyzing SystemVerilog file "C:/Users/f2663/Desktop/385final/final/final.srcs/sources_1/imports/background_1/background_1_example.sv" into library xil_defaultlib
INFO: [VRFC 10-311] analyzing module background_1_example
INFO: [VRFC 10-2263] Analyzing SystemVerilog file "C:/Users/f2663/Desktop/385final/final/final.srcs/sources_1/imports/background_1/background_1_palette.sv" into library xil_defaultlib
INFO: [VRFC 10-311] analyzing module background_1_palette
INFO: [VRFC 10-2263] Analyzing SystemVerilog file "C:/Users/f2663/Desktop/385final/final/final.srcs/sources_1/imports/lab6/lab6_2_provided/design_source/ball.sv" into library xil_defaultlib
INFO: [VRFC 10-311] analyzing module ball
INFO: [VRFC 10-2263] Analyzing SystemVerilog file "C:/Users/f2663/Desktop/385final/final/final.srcs/sources_1/imports/lab7_1_provided_fa24/font_rom.sv" into library xil_defaultlib
INFO: [VRFC 10-311] analyzing module font_rom
INFO: [VRFC 10-2263] Analyzing SystemVerilog file "C:/Users/f2663/Desktop/385final/final/final.srcs/sources_1/imports/lab6/lab6_2_provided/design_source/hex_driver.sv" into library xil_defaultlib
INFO: [VRFC 10-311] analyzing module hex_driver
INFO: [VRFC 10-311] analyzing module nibble_to_hex
INFO: [VRFC 10-2263] Analyzing SystemVerilog file "C:/Users/f2663/Desktop/385final/final/final.srcs/sources_1/imports/player_1/player_1_example.sv" into library xil_defaultlib
INFO: [VRFC 10-311] analyzing module player_1_example
INFO: [VRFC 10-2263] Analyzing SystemVerilog file "C:/Users/f2663/Desktop/385final/final/final.srcs/sources_1/imports/player_1/player_1_palette.sv" into library xil_defaultlib
INFO: [VRFC 10-311] analyzing module player_1_palette
INFO: [VRFC 10-2263] Analyzing SystemVerilog file "C:/Users/f2663/Desktop/385final/final/final.srcs/sources_1/imports/player_2/player_2_example.sv" into library xil_defaultlib
INFO: [VRFC 10-311] analyzing module player_2_example
INFO: [VRFC 10-2263] Analyzing SystemVerilog file "C:/Users/f2663/Desktop/385final/final/final.srcs/sources_1/imports/player_2/player_2_palette.sv" into library xil_defaultlib
INFO: [VRFC 10-311] analyzing module player_2_palette
INFO: [VRFC 10-2263] Analyzing SystemVerilog file "C:/Users/f2663/Desktop/385final/final/final.srcs/sources_1/new/timer.sv" into library xil_defaultlib
INFO: [VRFC 10-311] analyzing module timer
INFO: [VRFC 10-2263] Analyzing SystemVerilog file "C:/Users/f2663/Desktop/385final/final/final.srcs/sources_1/imports/walk/walk_example.sv" into library xil_defaultlib
INFO: [VRFC 10-311] analyzing module walk_example
INFO: [VRFC 10-2263] Analyzing SystemVerilog file "C:/Users/f2663/Desktop/385final/final/final.srcs/sources_1/imports/walk/walk_palette.sv" into library xil_defaultlib
INFO: [VRFC 10-311] analyzing module walk_palette
INFO: [VRFC 10-2263] Analyzing SystemVerilog file "C:/Users/f2663/Desktop/385final/final/final.srcs/sources_1/imports/lab6/lab6_2_provided/design_source/mb_usb_hdmi_top.sv" into library xil_defaultlib
INFO: [VRFC 10-311] analyzing module mb_usb_hdmi_top
